2022-12-26 17:18:14 -  - exec CUpdateClientPartner::SearchModulesEx
2022-12-26 17:18:14 -  - exec CUpdateClientPartner::__CollectRequestData
2022-12-26 17:18:14 -  - utf=Y&lang=ru&stable=Y&CANGZIP=Y&SUPD_DBS=MYSQL&XE=N&CLIENT_SITE=192.168.0.103&LICENSE_KEY=X&SUPD_STS=1&SUPD_URS=0&SUPD_URSA=1&TYPENC=D&CLIENT_PHPVER=7.4.28&NGINX=Y&dbv=5.7.37&instm=main%2C22.0.300%2CY%3Bseo%2C22.0.200%2CN%3Bclouds%2C22.0.0%2CN%3Bbitrix.sitecorporate%2C15.5.0%2CN%3Btranslate%2C21.100.0%2CN%3Bui%2C22.400.50%2CN%3Bbitrixcloud%2C22.0.0%2CN%3Bsocialservices%2C22.0.250%2CN%3Blanding%2C21.1300.200%2CN%3Bb24connector%2C21.100.0%2CN%3Bperfmon%2C21.0.0%2CN%3Brest%2C22.0.100%2CN%3Bsearch%2C22.0.0%2CN%3Bhighloadblock%2C22.200.0%2CN%3Bfileman%2C22.0.0%2CN%3Bmessageservice%2C22.200.100%2CN%3Biblock%2C21.800.300%2CN&search_module_id=&search_module=&search_category=7%2C14&search_type=&search_order=DESC&search_order_by=SORT&search_page=1&SUPD_SRS=RU&SUPD_CMP=N
2022-12-26 17:18:14 -  - exec CUpdateClientPartner::GetHTTPPage
2022-12-26 17:18:15 -  - TIME SearchModulesEx(request) 1.405 sec
2022-12-26 17:18:15 -  - exec CUpdateClientPartner::ParseServerData
2022-12-26 17:18:34 -  - exec CUpdateClientPartner::LoadModulesUpdates
2022-12-26 17:18:34 -  - exec CUpdateClientPartner::__CollectRequestData
2022-12-26 17:18:34 -  - utf=Y&lang=ru&stable=Y&CANGZIP=Y&SUPD_DBS=MYSQL&XE=N&CLIENT_SITE=192.168.0.103&LICENSE_KEY=X&SUPD_STS=1&SUPD_URS=0&SUPD_URSA=1&TYPENC=D&CLIENT_PHPVER=7.4.28&NGINX=Y&dbv=5.7.37&instm=main%2C22.0.300%2CY%3Bseo%2C22.0.200%2CN%3Bclouds%2C22.0.0%2CN%3Bbitrix.sitecorporate%2C15.5.0%2CN%3Btranslate%2C21.100.0%2CN%3Bui%2C22.400.50%2CN%3Bbitrixcloud%2C22.0.0%2CN%3Bsocialservices%2C22.0.250%2CN%3Blanding%2C21.1300.200%2CN%3Bb24connector%2C21.100.0%2CN%3Bperfmon%2C21.0.0%2CN%3Brest%2C22.0.100%2CN%3Bsearch%2C22.0.0%2CN%3Bhighloadblock%2C22.200.0%2CN%3Bfileman%2C22.0.0%2CN%3Bmessageservice%2C22.200.100%2CN%3Biblock%2C21.800.300%2CN&reqm=nsandrey.emptyinstall&lim=Y&SUPD_SRS=RU&SUPD_CMP=N
2022-12-26 17:18:34 -  - exec CUpdateClientPartner::GetHTTPPage
2022-12-26 17:18:34 -  - TIME LoadModulesUpdates(request) 0.233 sec
2022-12-26 17:18:34 -  - exec CUpdateClientPartner::ParseServerData
2022-12-26 17:18:34 - S - STEP
2022-12-26 17:18:34 - LM4W01 - loadModule4Wizard-Step
2022-12-26 17:18:34 -  - exec CUpdateClientPartner::LoadModulesUpdates
2022-12-26 17:18:34 -  - exec CUpdateClientPartner::ParseServerData
2022-12-26 17:18:34 -  - loadFile
2022-12-26 17:18:34 - U - RETURN
2022-12-26 17:18:34 -  - exec CUpdateClientPartner::UnGzipArchive
2022-12-26 17:18:34 -  - TIME UnGzipArchive 0.004 sec
2022-12-26 17:18:34 -  - TIME UpdateStepModules 0.008 sec
2022-12-26 17:18:35 -  - exec CUpdateClientPartner::LoadModulesUpdates
2022-12-26 17:18:35 -  - exec CUpdateClientPartner::__CollectRequestData
2022-12-26 17:18:35 -  - utf=Y&lang=ru&stable=Y&CANGZIP=Y&SUPD_DBS=MYSQL&XE=N&CLIENT_SITE=192.168.0.103&LICENSE_KEY=X&SUPD_STS=1&SUPD_URS=0&SUPD_URSA=1&TYPENC=D&CLIENT_PHPVER=7.4.28&NGINX=Y&dbv=5.7.37&instm=main%2C22.0.300%2CY%3Bseo%2C22.0.200%2CN%3Bclouds%2C22.0.0%2CN%3Bnsandrey.emptyinstall%2C1.0.5%2CN%3Bbitrix.sitecorporate%2C15.5.0%2CN%3Btranslate%2C21.100.0%2CN%3Bui%2C22.400.50%2CN%3Bbitrixcloud%2C22.0.0%2CN%3Bsocialservices%2C22.0.250%2CN%3Blanding%2C21.1300.200%2CN%3Bb24connector%2C21.100.0%2CN%3Bperfmon%2C21.0.0%2CN%3Brest%2C22.0.100%2CN%3Bsearch%2C22.0.0%2CN%3Bhighloadblock%2C22.200.0%2CN%3Bfileman%2C22.0.0%2CN%3Bmessageservice%2C22.200.100%2CN%3Biblock%2C21.800.300%2CN&reqm=nsandrey.emptyinstall&lim=Y&SUPD_SRS=RU&SUPD_CMP=N
2022-12-26 17:18:35 -  - exec CUpdateClientPartner::GetHTTPPage
2022-12-26 17:18:35 -  - TIME LoadModulesUpdates(request) 0.233 sec
2022-12-26 17:18:35 -  - exec CUpdateClientPartner::ParseServerData
2022-12-26 17:18:35 - STEP - Finish - NOUPDATES
2022-12-26 17:18:35 - LM4W03 - Finish - NOUPDATES
2022-12-26 18:16:30 -  - exec CUpdateClientPartner::__CollectRequestData
2022-12-26 18:16:30 -  - exec CUpdateClientPartner::GetHTTPPage
2022-12-26 18:16:31 -  - exec CUpdateClientPartner::ParseServerData
2022-12-26 18:16:31 -  - exec CUpdateClientPartner::GetUpdatesList
2022-12-26 18:16:31 -  - exec CUpdateClientPartner::__CollectRequestData
2022-12-26 18:16:31 -  - utf=Y&lang=ru&stable=Y&CANGZIP=Y&SUPD_DBS=MYSQL&XE=N&CLIENT_SITE=192.168.0.101&LICENSE_KEY=X&SUPD_STS=1&SUPD_URS=0&SUPD_URSA=1&TYPENC=D&CLIENT_PHPVER=7.4.28&NGINX=Y&dbv=5.7.37&instm=main%2C22.0.300%2CY%3Bseo%2C22.0.200%2CN%3Bclouds%2C22.0.0%2CN%3Bnsandrey.emptyinstall%2C1.0.5%2CN%3Bbitrix.sitecorporate%2C15.5.0%2CN%3Btranslate%2C21.100.0%2CN%3Bui%2C22.400.50%2CN%3Bbitrixcloud%2C22.0.0%2CN%3Bsocialservices%2C22.0.250%2CN%3Blanding%2C21.1300.200%2CN%3Bb24connector%2C21.100.0%2CN%3Bperfmon%2C21.0.0%2CN%3Brest%2C22.0.100%2CN%3Bsearch%2C22.0.0%2CN%3Bhighloadblock%2C22.200.0%2CN%3Bfileman%2C22.0.0%2CN%3Bmessageservice%2C22.200.100%2CN%3Biblock%2C21.800.300%2CN&reqm=nsandrey.emptyinstall%2Cbitrix.sitecorporate&fullmoduleinfo=Y&SUPD_SRS=RU&SUPD_CMP=N
2022-12-26 18:16:31 -  - exec CUpdateClientPartner::GetHTTPPage
2022-12-26 18:16:31 -  - TIME GetUpdatesList(request) 0.238 sec
2022-12-26 18:16:31 -  - exec CUpdateClientPartner::ParseServerData
2022-12-26 18:16:31 -  - exec CUpdateClientPartner::__CollectRequestData
2022-12-26 18:16:31 -  - exec CUpdateClientPartner::GetHTTPPage
2022-12-26 18:16:31 -  - exec CUpdateClientPartner::ParseServerData
